<?xml version="1.0" encoding="UTF-8"?>
<!-- Generated by org.testng.reporters.JUnitReportReporter -->
<testsuite hostname="5CG6333HFM" name="BrowsersLaunching.ScrollIntoView" tests="1" failures="0" timestamp="7 Apr 2018 05:14:47 GMT" time="8.738" errors="0">
  <testcase name="scrollIntoViewExample" time="8.738" classname="BrowsersLaunching.ScrollIntoView"/>
</testsuite> <!-- BrowsersLaunching.ScrollIntoView -->
