<?xml version="1.0" encoding="UTF-8"?>
<!-- Generated by org.testng.reporters.JUnitReportReporter -->
<testsuite hostname="5CG6333HFM" name="PageFactoryExample.Test99GuruLoginWithPageFactory" tests="1" failures="0" timestamp="7 Apr 2018 04:30:24 GMT" time="5.083" errors="0">
  <testcase name="test_Home_Page_Appear_Correct" time="5.083" classname="PageFactoryExample.Test99GuruLoginWithPageFactory"/>
</testsuite> <!-- PageFactoryExample.Test99GuruLoginWithPageFactory -->
