<?xml version="1.0" encoding="UTF-8"?>
<!-- Generated by org.testng.reporters.JUnitReportReporter -->
<testsuite hostname="5CG6333HFM" name="TestNGExamples.TestNGPriority" tests="6" failures="0" timestamp="30 May 2018 03:51:40 GMT" time="0.018" errors="0">
  <testcase name="secondmethod" time="0.001" classname="TestNGExamples.TestNGPriority"/>
  <testcase name="fourthmethod" time="0.001" classname="TestNGExamples.TestNGPriority"/>
  <testcase name="fourthmethod" time="0.001" classname="TestNGExamples.TestNGPriority"/>
  <testcase name="firstmethod" time="0.002" classname="TestNGExamples.TestNGPriority"/>
  <testcase name="fourthmethod" time="0.002" classname="TestNGExamples.TestNGPriority"/>
  <testcase name="thirdmethod" time="0.011" classname="TestNGExamples.TestNGPriority"/>
</testsuite> <!-- TestNGExamples.TestNGPriority -->
