<?xml version="1.0" encoding="UTF-8"?>
<!-- Generated by org.testng.reporters.JUnitReportReporter -->
<testsuite skipped="1" hostname="5CG6333HFM" name="TestNGExamples.TestNGExceptionExample" tests="9" failures="0" timestamp="25 Feb 2019 07:53:28 GMT" time="4.088" errors="0">
  <testcase name="timeOutExample" time="4.049" classname="TestNGExamples.TestNGExceptionExample"/>
  <testcase name="regressionSanityExample" time="0.003" classname="TestNGExamples.TestNGExceptionExample"/>
  <testcase name="sample" time="0.002" classname="TestNGExamples.TestNGExceptionExample"/>
  <testcase name="depedencyFeature" time="0.003" classname="TestNGExamples.TestNGExceptionExample"/>
  <testcase name="regressionExample" time="0.003" classname="TestNGExamples.TestNGExceptionExample"/>
  <testcase name="testPriority" time="0.009" classname="TestNGExamples.TestNGExceptionExample"/>
  <testcase name="groupsExaple" time="0.016" classname="TestNGExamples.TestNGExceptionExample"/>
  <testcase name="testPriority1" time="0.003" classname="TestNGExamples.TestNGExceptionExample"/>
  <testcase name="ignoreTest" classname="TestNGExamples.TestNGExceptionExample">
    <skipped/>
  </testcase> <!-- ignoreTest -->
</testsuite> <!-- TestNGExamples.TestNGExceptionExample -->
