<?xml version="1.0" encoding="UTF-8"?>
<!-- Generated by org.testng.reporters.JUnitReportReporter -->
<testsuite hostname="5CG6333HFM" name="BrowsersLaunching.ScrollUpAndDownExamples" tests="1" failures="0" timestamp="1 Jun 2018 11:35:20 GMT" time="22.896" errors="0">
  <testcase name="scrollDownExample" time="22.896" classname="BrowsersLaunching.ScrollUpAndDownExamples"/>
</testsuite> <!-- BrowsersLaunching.ScrollUpAndDownExamples -->
