<?xml version="1.0" encoding="UTF-8"?>
<!-- Generated by org.testng.reporters.JUnitReportReporter -->
<testsuite hostname="5CG6333HFM" name="POIApache.ExcelToDataProvider" tests="5" failures="0" timestamp="1 May 2018 06:55:59 GMT" time="0.011" errors="0">
  <testcase name="fillUserForm" time="0.000" classname="POIApache.ExcelToDataProvider"/>
  <testcase name="fillUserForm" time="0.009" classname="POIApache.ExcelToDataProvider"/>
  <testcase name="fillUserForm" time="0.000" classname="POIApache.ExcelToDataProvider"/>
  <testcase name="fillUserForm" time="0.001" classname="POIApache.ExcelToDataProvider"/>
  <testcase name="fillUserForm" time="0.001" classname="POIApache.ExcelToDataProvider"/>
</testsuite> <!-- POIApache.ExcelToDataProvider -->
