<?xml version="1.0" encoding="UTF-8"?>
<!-- Generated by org.testng.reporters.JUnitReportReporter -->
<testsuite hostname="5CG6333HFM" name="Guru99.JavaScriptAsync" tests="1" failures="0" timestamp="16 Apr 2018 06:18:06 GMT" time="51.087" errors="0">
  <testcase name="Login" time="51.087" classname="Guru99.JavaScriptAsync"/>
</testsuite> <!-- Guru99.JavaScriptAsync -->
