<?xml version="1.0" encoding="UTF-8"?>
<!-- Generated by org.testng.reporters.JUnitReportReporter -->
<testsuite hostname="5CG6333HFM" name="KrishnaSakinalaSeleniumTestNG.TakeWebElementScreenShot" tests="1" failures="0" timestamp="29 Apr 2018 07:24:34 GMT" time="10.863" errors="0">
  <testcase name="takeWebElementScreenShot" time="10.863" classname="KrishnaSakinalaSeleniumTestNG.TakeWebElementScreenShot"/>
</testsuite> <!-- KrishnaSakinalaSeleniumTestNG.TakeWebElementScreenShot -->
