<?xml version="1.0" encoding="UTF-8"?>
<!-- Generated by org.testng.reporters.JUnitReportReporter -->
<testsuite hostname="5CG6333HFM" name="AutoITExamples.UploadFileUsingAutoIT" tests="1" failures="0" timestamp="7 Apr 2018 05:14:47 GMT" time="28.218" errors="0">
  <testcase name="UploadFileExample" time="28.218" classname="AutoITExamples.UploadFileUsingAutoIT"/>
</testsuite> <!-- AutoITExamples.UploadFileUsingAutoIT -->
