<?xml version="1.0" encoding="UTF-8"?>
<!-- Generated by org.testng.reporters.JUnitReportReporter -->
<testsuite hostname="5CG6333HFM" name="SingletonPackage.LaunchApplication" tests="1" failures="0" timestamp="31 May 2018 12:45:53 GMT" time="18.940" errors="0">
  <testcase name="launchApp" time="18.940" classname="SingletonPackage.LaunchApplication"/>
</testsuite> <!-- SingletonPackage.LaunchApplication -->
