<?xml version="1.0" encoding="UTF-8"?>
<!-- Generated by org.testng.reporters.JUnitReportReporter -->
<testsuite skipped="0" hostname="5CG6333HFM" name="TestNGExamples.OrderOfAnnotations" tests="2" failures="0" timestamp="07 Jan 2019 07:11:50 GMT" time="0.009" errors="0">
  <testcase name="testCase2" time="0.003" classname="TestNGExamples.OrderOfAnnotations"/>
  <testcase name="testCase1" time="0.006" classname="TestNGExamples.OrderOfAnnotations"/>
</testsuite> <!-- TestNGExamples.OrderOfAnnotations -->
