<?xml version="1.0" encoding="UTF-8"?>
<!-- Generated by org.testng.reporters.JUnitReportReporter -->
<testsuite skipped="0" hostname="5CG6333HFM" name="AutoITExamples.DownloadFileConcept" tests="1" failures="0" timestamp="26 Dec 2018 06:59:15 GMT" time="19.820" errors="0">
  <testcase name="downloanFileTest" time="19.820" classname="AutoITExamples.DownloadFileConcept"/>
</testsuite> <!-- AutoITExamples.DownloadFileConcept -->
