<?xml version="1.0" encoding="UTF-8"?>
<!-- Generated by org.testng.reporters.JUnitReportReporter -->
<testsuite skipped="0" hostname="5CG6333HFM" name="Naveen.DownloadFile" tests="1" failures="0" timestamp="24 Jan 2019 10:44:41 GMT" time="17.108" errors="0">
  <testcase name="downloadFile" time="17.108" classname="Naveen.DownloadFile"/>
</testsuite> <!-- Naveen.DownloadFile -->
