<?xml version="1.0" encoding="UTF-8"?>
<!-- Generated by org.testng.reporters.JUnitReportReporter -->
<testsuite hostname="5CG6333HFM" name="KrishnaSakinalaSeleniumTestNG.FileDownload" tests="1" failures="0" timestamp="3 Jul 2018 10:32:18 GMT" time="10.051" errors="0">
  <testcase name="verifyDownloadedFile" time="10.051" classname="KrishnaSakinalaSeleniumTestNG.FileDownload"/>
</testsuite> <!-- KrishnaSakinalaSeleniumTestNG.FileDownload -->
