<?xml version="1.0" encoding="UTF-8"?>
<!-- Generated by org.testng.reporters.JUnitReportReporter -->
<testsuite hostname="5CG6191Y7L" name="driverScript.RunCukesTest" tests="1" failures="0" timestamp="27 Aug 2018 09:05:51 GMT" time="0.617" errors="0">
  <testcase name="feature" time="0.617" classname="driverScript.RunCukesTest"/>
</testsuite> <!-- driverScript.RunCukesTest -->
