<?xml version="1.0" encoding="UTF-8"?>
<!-- Generated by org.testng.reporters.JUnitReportReporter -->
<testsuite skipped="0" hostname="XIN009CDAB42590" name="com.centurylink.statusmanager.runner.RunCukes" tests="1" failures="0" timestamp="25 Jun 2018 15:54:06 GMT" time="430.437" errors="0">
  <testcase name="feature" time="430.437" classname="com.centurylink.statusmanager.runner.RunCukes"/>
</testsuite> <!-- com.centurylink.statusmanager.runner.RunCukes -->
