<?xml version="1.0" encoding="UTF-8"?>
<!-- Generated by org.testng.reporters.JUnitReportReporter -->
<testsuite skipped="0" hostname="XIN009CDAB42590" name="runner.RunCukes" tests="1" failures="0" timestamp="08 Jun 2018 13:31:01 GMT" time="35.615" errors="0">
  <testcase name="feature" time="35.615" classname="runner.RunCukes"/>
</testsuite> <!-- runner.RunCukes -->
